<?xml version="1.0" encoding="UTF-8"?>
<!-- Generated by org.testng.reporters.JUnitReportReporter -->
<testsuite hostname="LAPTOP-SB5APSLQ" failures="0" tests="2" name="neostoxtestclass.Neostoxclassusingpropertiesclass" time="29.247" errors="0" timestamp="2022-12-02T12:33:45 IST" skipped="0">
  <testcase classname="neostoxtestclass.Neostoxclassusingpropertiesclass" name="validateAcbalance" time="9.996"/>
  <system-out>
    <![CDATA[waiting for 1000milis
checking available balance
checking available balance
account balnce isRs.5,00,000.00
TCvalidateAcbalance is completed successfully]]>
  </system-out>
  <testcase classname="neostoxtestclass.Neostoxclassusingpropertiesclass" name="validateusername" time="19.251"/>
  <system-out>
    <![CDATA[getting actual userid
reading value of usernamefrom property file
getting actual userid
taking screenshot 
actual and expected userid is matching tc is passed
TCvalidateusername is completed successfully]]>
  </system-out>
</testsuite> <!-- neostoxtestclass.Neostoxclassusingpropertiesclass -->
