<?xml version="1.0" encoding="UTF-8"?>
<!-- Generated by org.testng.reporters.JUnitReportReporter -->
<testsuite hostname="LAPTOP-SB5APSLQ" failures="0" tests="2" name="neostoxtestclass.Neostoxclassusingpropertiesclass" time="24.872" errors="0" timestamp="2022-12-19T10:27:12 IST" skipped="0">
  <testcase classname="neostoxtestclass.Neostoxclassusingpropertiesclass" name="validateAcbalance" time="8.658"/>
  <system-out>
TCvalidateAcbalance is completed successfully  </system-out>
  <testcase classname="neostoxtestclass.Neostoxclassusingpropertiesclass" name="validateusername" time="16.214"/>
  <system-out>
TCvalidateusername is completed successfully  </system-out>
</testsuite> <!-- neostoxtestclass.Neostoxclassusingpropertiesclass -->
